[0m21:26:37.868755 [debug] [MainThread]: Sending event: {'category': 'dbt', 'action': 'invocation', 'label': 'start', 'context': [<snowplow_tracker.self_describing_json.SelfDescribingJson object at 0x7f648c586d10>, <snowplow_tracker.self_describing_json.SelfDescribingJson object at 0x7f648a9f27a0>, <snowplow_tracker.self_describing_json.SelfDescribingJson object at 0x7f648a9f2740>]}


============================== 21:26:37.872830 | 84d6bd23-6c71-418b-8780-5d8ffa91d423 ==============================
[0m21:26:37.872830 [info ] [MainThread]: Running with dbt=1.7.9
[0m21:26:37.874320 [debug] [MainThread]: running dbt with arguments {'printer_width': '80', 'indirect_selection': 'eager', 'write_json': 'True', 'log_cache_events': 'False', 'partial_parse': 'True', 'cache_selected_only': 'False', 'profiles_dir': '/home/maks/.dbt', 'version_check': 'True', 'fail_fast': 'False', 'log_path': 'logs', 'debug': 'False', 'warn_error': 'None', 'use_colors': 'True', 'use_experimental_parser': 'False', 'no_print': 'None', 'quiet': 'False', 'log_format': 'default', 'static_parser': 'True', 'warn_error_options': 'WarnErrorOptions(include=[], exclude=[])', 'invocation_command': 'dbt init', 'target_path': 'None', 'introspect': 'True', 'send_anonymous_usage_stats': 'True'}
[0m21:26:53.028711 [debug] [MainThread]: Starter project path: /home/maks/Dev/dbt_course/venv/lib/python3.10/site-packages/dbt/include/starter_project
[0m21:26:53.032726 [info ] [MainThread]: 
Your new dbt project "dbt_course" was created!

For more information on how to configure the profiles.yml file,
please consult the dbt documentation here:

  https://docs.getdbt.com/docs/configure-your-profile

One more thing:

Need help? Don't hesitate to reach out to us via GitHub issues or on Slack:

  https://community.getdbt.com/

Happy modeling!

[0m21:26:53.033411 [info ] [MainThread]: Setting up your profile.
[0m21:28:38.517812 [debug] [MainThread]: Sending event: {'category': 'dbt', 'action': 'invocation', 'label': 'start', 'context': [<snowplow_tracker.self_describing_json.SelfDescribingJson object at 0x7f146e59ee60>, <snowplow_tracker.self_describing_json.SelfDescribingJson object at 0x7f146ca0e770>, <snowplow_tracker.self_describing_json.SelfDescribingJson object at 0x7f146ca0e710>]}


============================== 21:28:38.520952 | b2fa9964-ca39-48a1-a777-7546bb8b7970 ==============================
[0m21:28:38.520952 [info ] [MainThread]: Running with dbt=1.7.9
[0m21:28:38.521815 [debug] [MainThread]: running dbt with arguments {'printer_width': '80', 'indirect_selection': 'eager', 'write_json': 'True', 'log_cache_events': 'False', 'partial_parse': 'True', 'cache_selected_only': 'False', 'warn_error': 'None', 'version_check': 'True', 'fail_fast': 'False', 'log_path': 'logs', 'debug': 'False', 'profiles_dir': '/home/maks/.dbt', 'use_colors': 'True', 'use_experimental_parser': 'False', 'no_print': 'None', 'quiet': 'False', 'log_format': 'default', 'invocation_command': 'dbt init', 'warn_error_options': 'WarnErrorOptions(include=[], exclude=[])', 'introspect': 'True', 'target_path': 'None', 'static_parser': 'True', 'send_anonymous_usage_stats': 'True'}
[0m21:28:48.941646 [info ] [MainThread]: A project called dbt_course already exists here.
[0m21:28:48.944309 [debug] [MainThread]: Resource report: {"command_name": "init", "command_success": true, "command_wall_clock_time": 10.47438, "process_user_time": 1.715135, "process_kernel_time": 0.161424, "process_mem_max_rss": "86272", "process_in_blocks": "40", "process_out_blocks": "8"}
[0m21:28:48.945268 [debug] [MainThread]: Command `dbt init` succeeded at 21:28:48.945071 after 10.48 seconds
[0m21:28:48.945842 [debug] [MainThread]: Sending event: {'category': 'dbt', 'action': 'invocation', 'label': 'end', 'context': [<snowplow_tracker.self_describing_json.SelfDescribingJson object at 0x7f146e59ee60>, <snowplow_tracker.self_describing_json.SelfDescribingJson object at 0x7f146ca0e7d0>, <snowplow_tracker.self_describing_json.SelfDescribingJson object at 0x7f146ca0e800>]}
[0m21:28:48.946351 [debug] [MainThread]: Flushing usage events
[0m21:32:21.877420 [debug] [MainThread]: Sending event: {'category': 'dbt', 'action': 'invocation', 'label': 'start', 'context': [<snowplow_tracker.self_describing_json.SelfDescribingJson object at 0x7fae43b9ed10>, <snowplow_tracker.self_describing_json.SelfDescribingJson object at 0x7fae4200e770>, <snowplow_tracker.self_describing_json.SelfDescribingJson object at 0x7fae4200e710>]}


============================== 21:32:21.881736 | f30f6dc1-406e-4a64-b3c1-17d924c7d1f2 ==============================
[0m21:32:21.881736 [info ] [MainThread]: Running with dbt=1.7.9
[0m21:32:21.882656 [debug] [MainThread]: running dbt with arguments {'printer_width': '80', 'indirect_selection': 'eager', 'log_cache_events': 'False', 'write_json': 'True', 'partial_parse': 'True', 'cache_selected_only': 'False', 'warn_error': 'None', 'debug': 'False', 'profiles_dir': '/home/maks/.dbt', 'log_path': 'logs', 'version_check': 'True', 'fail_fast': 'False', 'use_colors': 'True', 'use_experimental_parser': 'False', 'no_print': 'None', 'quiet': 'False', 'warn_error_options': 'WarnErrorOptions(include=[], exclude=[])', 'invocation_command': 'dbt init dbt_course', 'log_format': 'default', 'introspect': 'True', 'target_path': 'None', 'static_parser': 'True', 'send_anonymous_usage_stats': 'True'}
[0m21:32:21.884816 [info ] [MainThread]: A project called dbt_course already exists here.
[0m21:32:21.886453 [debug] [MainThread]: Resource report: {"command_name": "init", "command_success": true, "command_wall_clock_time": 0.054267365, "process_user_time": 1.72993, "process_kernel_time": 0.61754, "process_mem_max_rss": "86272", "process_in_blocks": "42104", "process_out_blocks": "8"}
[0m21:32:21.887259 [debug] [MainThread]: Command `dbt init` succeeded at 21:32:21.887079 after 0.06 seconds
[0m21:32:21.887789 [debug] [MainThread]: Sending event: {'category': 'dbt', 'action': 'invocation', 'label': 'end', 'context': [<snowplow_tracker.self_describing_json.SelfDescribingJson object at 0x7fae43b9ed10>, <snowplow_tracker.self_describing_json.SelfDescribingJson object at 0x7fae4200ed70>, <snowplow_tracker.self_describing_json.SelfDescribingJson object at 0x7fae4200e9e0>]}
[0m21:32:21.888323 [debug] [MainThread]: Flushing usage events
[0m21:36:45.271312 [debug] [MainThread]: Sending event: {'category': 'dbt', 'action': 'invocation', 'label': 'start', 'context': [<snowplow_tracker.self_describing_json.SelfDescribingJson object at 0x7faae71b2e60>, <snowplow_tracker.self_describing_json.SelfDescribingJson object at 0x7faae5626890>, <snowplow_tracker.self_describing_json.SelfDescribingJson object at 0x7faae5626830>]}


============================== 21:36:45.274292 | 98dd57c1-8e07-4be6-9591-3c541156639b ==============================
[0m21:36:45.274292 [info ] [MainThread]: Running with dbt=1.7.9
[0m21:36:45.275133 [debug] [MainThread]: running dbt with arguments {'printer_width': '80', 'indirect_selection': 'eager', 'write_json': 'True', 'log_cache_events': 'False', 'partial_parse': 'True', 'cache_selected_only': 'False', 'warn_error': 'None', 'version_check': 'True', 'debug': 'False', 'log_path': 'logs', 'fail_fast': 'False', 'profiles_dir': '/home/maks/.dbt', 'use_colors': 'True', 'use_experimental_parser': 'False', 'no_print': 'None', 'quiet': 'False', 'log_format': 'default', 'introspect': 'True', 'static_parser': 'True', 'warn_error_options': 'WarnErrorOptions(include=[], exclude=[])', 'target_path': 'None', 'invocation_command': 'dbt run', 'send_anonymous_usage_stats': 'True'}
[0m21:36:45.275873 [error] [MainThread]: Encountered an error:
Runtime Error
  No dbt_project.yml found at expected path /home/maks/Dev/dbt_course/dbt_project.yml
  Verify that each entry within packages.yml (and their transitive dependencies) contains a file named dbt_project.yml
  
[0m21:36:45.276949 [debug] [MainThread]: Resource report: {"command_name": "run", "command_wall_clock_time": 0.047305334, "process_user_time": 1.706554, "process_kernel_time": 0.179847, "process_mem_max_rss": "86104", "process_out_blocks": "8", "command_success": false, "process_in_blocks": "0"}
[0m21:36:45.277753 [debug] [MainThread]: Command `dbt run` failed at 21:36:45.277584 after 0.05 seconds
[0m21:36:45.278284 [debug] [MainThread]: Sending event: {'category': 'dbt', 'action': 'invocation', 'label': 'end', 'context': [<snowplow_tracker.self_describing_json.SelfDescribingJson object at 0x7faae71b2e60>, <snowplow_tracker.self_describing_json.SelfDescribingJson object at 0x7faae5626920>, <snowplow_tracker.self_describing_json.SelfDescribingJson object at 0x7faae5626800>]}
[0m21:36:45.278813 [debug] [MainThread]: Flushing usage events
